#
# A fatal error has been detected by the Java Runtime Environment:
#
#  EXCEPTION_ACCESS_VIOLATION (0xc0000005) at pc=0x0000000000000000, pid=12116, tid=2908
#
# JRE version: OpenJDK Runtime Environment (16.0.2+7) (build 16.0.2+7-67)
# Java VM: OpenJDK 64-Bit Server VM (16.0.2+7-67, mixed mode, tiered, compressed oops, compressed class ptrs, g1 gc, windows-amd64)
# Problematic frame:
# C  0x0000000000000000
#
# No core dump will be written. Minidumps are not enabled by default on client versions of Windows
#
# If you would like to submit a bug report, please visit:
#   https://bugreport.java.com/bugreport/crash.jsp
#

---------------  S U M M A R Y ------------

Command Line: -XX:+ShowCodeDetailsInExceptionMessages -agentlib:jdwp=transport=dt_socket,suspend=y,address=localhost:57897 -javaagent:C:\Users\ip-slim-3\eclipse\java-2021-09\eclipse\configuration\org.eclipse.osgi\222\0\.cp\lib\javaagent-shaded.jar -Dfile.encoding=Cp1252 constructor.A

Host: 11th Gen Intel(R) Core(TM) i5-1135G7 @ 2.40GHz, 8 cores, 7G,  Windows 10 , 64 bit Build 19041 (10.0.19041.1202)
Time: Tue Nov  2 08:10:40 2021 India Standard Time elapsed time: 257.010007 seconds (0d 0h 4m 17s)

---------------  T H R E A D  ---------------

Current thread (0x00000147eb16c210):  JavaThread "main" [_thread_in_Java, id=2908, stack(0x00000016eb300000,0x00000016eb400000)]

Stack: [0x00000016eb300000,0x00000016eb400000],  sp=0x00000016eb3ff6a8,  free space=1021k
Native frames: (J=compiled Java code, j=interpreted, Vv=VM code, C=native code)


siginfo: EXCEPTION_ACCESS_VIOLATION (0xc0000005), data execution prevention violation at address 0x0000000000000000


Register to memory mapping:

RIP=0x0 is NULL
RAX=0x000000008abcd670 is an oop: constructor.Constructor 
{0x000000008abcd670} - klass: 'constructor/Constructor'
RBX=0x00000000000000ff is an unknown value
RCX=0x0 is NULL
RDX=0x00000147eb16cc18 points into unknown readable memory: 0x0000014786c37090 | 90 70 c3 86 47 01 00 00
RSP=0x00000016eb3ff6a8 is pointing into the stack for thread: 0x00000147eb16c210
RBP=0x00000016eb3ff6f0 is pointing into the stack for thread: 0x00000147eb16c210
RSI=0x0 is NULL
RDI=0x00000147ee6f9ef4 is at code_begin+3476 in an Interpreter codelet
return entry points  [0x00000147ee6f9160, 0x00000147ee6fb360]  8704 bytes
R8 =0x0000000000000002 is an unknown value
R9 =0x0000000000000002 is an unknown value
R10=0x00007ffb5057cdb0 jvm.dll
R11={method} {0x0000014786c37098} 'main' '([Ljava/lang/String;)V' in 'constructor/A'
R12=0x0 is NULL
R13=0x0000014786c3705d is pointing into metadata
R14=0x00000016eb3ff710 is pointing into the stack for thread: 0x00000147eb16c210
R15=0x00000147eb16c210 is a thread


Registers:
RAX=0x000000008abcd670, RBX=0x00000000000000ff, RCX=0x0000000000000000, RDX=0x00000147eb16cc18
RSP=0x00000016eb3ff6a8, RBP=0x00000016eb3ff6f0, RSI=0x0000000000000000, RDI=0x00000147ee6f9ef4
R8 =0x0000000000000002, R9 =0x0000000000000002, R10=0x00007ffb5057cdb0, R11=0x0000014786c37090
R12=0x0000000000000000, R13=0x0000014786c3705d, R14=0x00000016eb3ff710, R15=0x00000147eb16c210
RIP=0x0000000000000000, EFLAGS=0x0000000000010202

Top of Stack: (sp=0x00000016eb3ff6a8)
0x00000016eb3ff6a8:   00000016eb3ff6a8 0000014786c3705c
0x00000016eb3ff6b8:   00000016eb3ff710 0000014786c370f0
0x00000016eb3ff6c8:   0000000000000000 000000008abc8f28
0x00000016eb3ff6d8:   0000014786c37090 0000000000000000
0x00000016eb3ff6e8:   00000016eb3ff710 00000016eb3ff8f0
0x00000016eb3ff6f8:   00000147ee6f10ea 000000008abceeb8
0x00000016eb3ff708:   000000008abcd670 000000008abc91d8
0x00000016eb3ff718:   0000000000000000 0000000000000000
0x00000016eb3ff728:   0000000000000000 0000000000000000
0x00000016eb3ff738:   0000000000000000 0000000000000000
0x00000016eb3ff748:   0000000000000000 0000000000000000
0x00000016eb3ff758:   0000000000000000 0000000000000000
0x00000016eb3ff768:   0000000000000000 0000000000000000
0x00000016eb3ff778:   0000000000000000 0000000000000000
0x00000016eb3ff788:   0000000000000000 0000000000000000
0x00000016eb3ff798:   0000000000000000 0000000000000000 

Instructions: (pc=0x0000000000000000)
0xffffffffffffff00:   


Stack slot to memory mapping:
stack at sp + 0 slots: 0x00000016eb3ff6a8 is pointing into the stack for thread: 0x00000147eb16c210
stack at sp + 1 slots: 0x0000014786c3705c is pointing into metadata
stack at sp + 2 slots: 0x00000016eb3ff710 is pointing into the stack for thread: 0x00000147eb16c210
stack at sp + 3 slots: 0x0000014786c370f0 is pointing into metadata
stack at sp + 4 slots: 0x0 is NULL
stack at sp + 5 slots: 0x000000008abc8f28 is an oop: java.lang.Class 
{0x000000008abc8f28} - klass: 'java/lang/Class'
stack at sp + 6 slots: {method} {0x0000014786c37098} 'main' '([Ljava/lang/String;)V' in 'constructor/A'
stack at sp + 7 slots: 0x0 is NULL


---------------  P R O C E S S  ---------------

Threads class SMR info:
_java_thread_list=0x00000147863a65a0, length=15, elements={
0x00000147eb16c210, 0x00000147ff0bb410, 0x00000147ff0be020, 0x00000147ff0f05a0,
0x00000147ff0f31b0, 0x00000147ffc02c30, 0x00000147ffc04710, 0x00000147ffc1c4f0,
0x00000147ffc1ec00, 0x00000147ffc1f9f0, 0x00000147ffdbc990, 0x00000147ffe569c0,
0x00000147ffe8d620, 0x00000147ffe8eb20, 0x00000147861e8440
}

Java Threads: ( => current thread )
=>0x00000147eb16c210 JavaThread "main" [_thread_in_Java, id=2908, stack(0x00000016eb300000,0x00000016eb400000)]
  0x00000147ff0bb410 JavaThread "Reference Handler" daemon [_thread_blocked, id=25252, stack(0x00000016eba00000,0x00000016ebb00000)]
  0x00000147ff0be020 JavaThread "Finalizer" daemon [_thread_blocked, id=7792, stack(0x00000016ebb00000,0x00000016ebc00000)]
  0x00000147ff0f05a0 JavaThread "Signal Dispatcher" daemon [_thread_blocked, id=10520, stack(0x00000016ebc00000,0x00000016ebd00000)]
  0x00000147ff0f31b0 JavaThread "Attach Listener" daemon [_thread_blocked, id=6064, stack(0x00000016ebd00000,0x00000016ebe00000)]
  0x00000147ffc02c30 JavaThread "Service Thread" daemon [_thread_blocked, id=22904, stack(0x00000016ebe00000,0x00000016ebf00000)]
  0x00000147ffc04710 JavaThread "Monitor Deflation Thread" daemon [_thread_blocked, id=21556, stack(0x00000016ebf00000,0x00000016ec000000)]
  0x00000147ffc1c4f0 JavaThread "C2 CompilerThread0" daemon [_thread_blocked, id=6840, stack(0x00000016ec000000,0x00000016ec100000)]
  0x00000147ffc1ec00 JavaThread "C1 CompilerThread0" daemon [_thread_blocked, id=22208, stack(0x00000016ec100000,0x00000016ec200000)]
  0x00000147ffc1f9f0 JavaThread "Sweeper thread" daemon [_thread_blocked, id=4720, stack(0x00000016ec200000,0x00000016ec300000)]
  0x00000147ffdbc990 JavaThread "Common-Cleaner" daemon [_thread_blocked, id=21972, stack(0x00000016ec300000,0x00000016ec400000)]
  0x00000147ffe569c0 JavaThread "JDWP Transport Listener: dt_socket" daemon [_thread_blocked, id=21252, stack(0x00000016ec400000,0x00000016ec500000)]
  0x00000147ffe8d620 JavaThread "JDWP Event Helper Thread" daemon [_thread_blocked, id=1920, stack(0x00000016ec500000,0x00000016ec600000)]
  0x00000147ffe8eb20 JavaThread "JDWP Command Reader" daemon [_thread_in_native, id=11872, stack(0x00000016ec600000,0x00000016ec700000)]
  0x00000147861e8440 JavaThread "Notification Thread" daemon [_thread_blocked, id=11980, stack(0x00000016ec700000,0x00000016ec800000)]

Other Threads:
  0x00000147ff0a5dd0 VMThread "VM Thread" [stack: 0x00000016eb900000,0x00000016eba00000] [id=8296]
  0x00000147861eb0f0 WatcherThread [stack: 0x00000016ec800000,0x00000016ec900000] [id=22624]
  0x00000147eb1a8b20 GCTaskThread "GC Thread#0" [stack: 0x00000016eb400000,0x00000016eb500000] [id=21384]
  0x00000147eb1bace0 ConcurrentGCThread "G1 Main Marker" [stack: 0x00000016eb500000,0x00000016eb600000] [id=7288]
  0x00000147eb1bb750 ConcurrentGCThread "G1 Conc#0" [stack: 0x00000016eb600000,0x00000016eb700000] [id=20892]
  0x00000147eb2437b0 ConcurrentGCThread "G1 Refine#0" [stack: 0x00000016eb700000,0x00000016eb800000] [id=21664]
  0x00000147eb244230 ConcurrentGCThread "G1 Service" [stack: 0x00000016eb800000,0x00000016eb900000] [id=500]

Threads with active compile tasks:

VM state: not at safepoint (normal execution)

VM Mutex/Monitor currently owned by a thread: None

Heap address: 0x0000000083200000, size: 1998 MB, Compressed Oops mode: 32-bit

CDS disabled.
Compressed class space mapped at: 0x0000000100000000-0x0000000140000000, reserved size: 1073741824
Narrow klass base: 0x0000000000000000, Narrow klass shift: 3, Narrow klass range: 0x140000000

GC Precious Log:
 CPUs: 8 total, 8 available
 Memory: 7991M
 Large Page Support: Disabled
 NUMA Support: Disabled
 Compressed Oops: Enabled (32-bit)
 Heap Region Size: 1M
 Heap Min Capacity: 8M
 Heap Initial Capacity: 126M
 Heap Max Capacity: 1998M
 Pre-touch: Disabled
 Parallel Workers: 8
 Concurrent Workers: 2
 Concurrent Refinement Workers: 8
 Periodic GC: Disabled

Heap:
 garbage-first heap   total 129024K, used 4096K [0x0000000083200000, 0x0000000100000000)
  region size 1024K, 5 young (5120K), 0 survivors (0K)
 Metaspace       used 9190K, committed 9280K, reserved 1064960K
  class space    used 786K, committed 832K, reserved 1048576K

Heap Regions: E=young(eden), S=young(survivor), O=old, HS=humongous(starts), HC=humongous(continues), CS=collection set, F=free, OA=open archive, CA=closed archive, TAMS=top-at-mark-start (previous, next)
|   0|0x0000000083200000, 0x0000000083200000, 0x0000000083300000|  0%| F|  |TAMS 0x0000000083200000, 0x0000000083200000| Untracked 
|   1|0x0000000083300000, 0x0000000083300000, 0x0000000083400000|  0%| F|  |TAMS 0x0000000083300000, 0x0000000083300000| Untracked 
|   2|0x0000000083400000, 0x0000000083400000, 0x0000000083500000|  0%| F|  |TAMS 0x0000000083400000, 0x0000000083400000| Untracked 
|   3|0x0000000083500000, 0x0000000083500000, 0x0000000083600000|  0%| F|  |TAMS 0x0000000083500000, 0x0000000083500000| Untracked 
|   4|0x0000000083600000, 0x0000000083600000, 0x0000000083700000|  0%| F|  |TAMS 0x0000000083600000, 0x0000000083600000| Untracked 
|   5|0x0000000083700000, 0x0000000083700000, 0x0000000083800000|  0%| F|  |TAMS 0x0000000083700000, 0x0000000083700000| Untracked 
|   6|0x0000000083800000, 0x0000000083800000, 0x0000000083900000|  0%| F|  |TAMS 0x0000000083800000, 0x0000000083800000| Untracked 
|   7|0x0000000083900000, 0x0000000083900000, 0x0000000083a00000|  0%| F|  |TAMS 0x0000000083900000, 0x0000000083900000| Untracked 
|   8|0x0000000083a00000, 0x0000000083a00000, 0x0000000083b00000|  0%| F|  |TAMS 0x0000000083a00000, 0x0000000083a00000| Untracked 
|   9|0x0000000083b00000, 0x0000000083b00000, 0x0000000083c00000|  0%| F|  |TAMS 0x0000000083b00000, 0x0000000083b00000| Untracked 
|  10|0x0000000083c00000, 0x0000000083c00000, 0x0000000083d00000|  0%| F|  |TAMS 0x0000000083c00000, 0x0000000083c00000| Untracked 
|  11|0x0000000083d00000, 0x0000000083d00000, 0x0000000083e00000|  0%| F|  |TAMS 0x0000000083d00000, 0x0000000083d00000| Untracked 
|  12|0x0000000083e00000, 0x0000000083e00000, 0x0000000083f00000|  0%| F|  |TAMS 0x0000000083e00000, 0x0000000083e00000| Untracked 
|  13|0x0000000083f00000, 0x0000000083f00000, 0x0000000084000000|  0%| F|  |TAMS 0x0000000083f00000, 0x0000000083f00000| Untracked 
|  14|0x0000000084000000, 0x0000000084000000, 0x0000000084100000|  0%| F|  |TAMS 0x0000000084000000, 0x0000000084000000| Untracked 
|  15|0x0000000084100000, 0x0000000084100000, 0x0000000084200000|  0%| F|  |TAMS 0x0000000084100000, 0x0000000084100000| Untracked 
|  16|0x0000000084200000, 0x0000000084200000, 0x0000000084300000|  0%| F|  |TAMS 0x0000000084200000, 0x0000000084200000| Untracked 
|  17|0x0000000084300000, 0x0000000084300000, 0x0000000084400000|  0%| F|  |TAMS 0x0000000084300000, 0x0000000084300000| Untracked 
|  18|0x0000000084400000, 0x0000000084400000, 0x0000000084500000|  0%| F|  |TAMS 0x0000000084400000, 0x0000000084400000| Untracked 
|  19|0x0000000084500000, 0x0000000084500000, 0x0000000084600000|  0%| F|  |TAMS 0x0000000084500000, 0x0000000084500000| Untracked 
|  20|0x0000000084600000, 0x0000000084600000, 0x0000000084700000|  0%| F|  |TAMS 0x0000000084600000, 0x0000000084600000| Untracked 
|  21|0x0000000084700000, 0x0000000084700000, 0x0000000084800000|  0%| F|  |TAMS 0x0000000084700000, 0x0000000084700000| Untracked 
|  22|0x0000000084800000, 0x0000000084800000, 0x0000000084900000|  0%| F|  |TAMS 0x0000000084800000, 0x0000000084800000| Untracked 
|  23|0x0000000084900000, 0x0000000084900000, 0x0000000084a00000|  0%| F|  |TAMS 0x0000000084900000, 0x0000000084900000| Untracked 
|  24|0x0000000084a00000, 0x0000000084a00000, 0x0000000084b00000|  0%| F|  |TAMS 0x0000000084a00000, 0x0000000084a00000| Untracked 
|  25|0x0000000084b00000, 0x0000000084b00000, 0x0000000084c00000|  0%| F|  |TAMS 0x0000000084b00000, 0x0000000084b00000| Untracked 
|  26|0x0000000084c00000, 0x0000000084c00000, 0x0000000084d00000|  0%| F|  |TAMS 0x0000000084c00000, 0x0000000084c00000| Untracked 
|  27|0x0000000084d00000, 0x0000000084d00000, 0x0000000084e00000|  0%| F|  |TAMS 0x0000000084d00000, 0x0000000084d00000| Untracked 
|  28|0x0000000084e00000, 0x0000000084e00000, 0x0000000084f00000|  0%| F|  |TAMS 0x0000000084e00000, 0x0000000084e00000| Untracked 
|  29|0x0000000084f00000, 0x0000000084f00000, 0x0000000085000000|  0%| F|  |TAMS 0x0000000084f00000, 0x0000000084f00000| Untracked 
|  30|0x0000000085000000, 0x0000000085000000, 0x0000000085100000|  0%| F|  |TAMS 0x0000000085000000, 0x0000000085000000| Untracked 
|  31|0x0000000085100000, 0x0000000085100000, 0x0000000085200000|  0%| F|  |TAMS 0x0000000085100000, 0x0000000085100000| Untracked 
|  32|0x0000000085200000, 0x0000000085200000, 0x0000000085300000|  0%| F|  |TAMS 0x0000000085200000, 0x0000000085200000| Untracked 
|  33|0x0000000085300000, 0x0000000085300000, 0x0000000085400000|  0%| F|  |TAMS 0x0000000085300000, 0x0000000085300000| Untracked 
|  34|0x0000000085400000, 0x0000000085400000, 0x0000000085500000|  0%| F|  |TAMS 0x0000000085400000, 0x0000000085400000| Untracked 
|  35|0x0000000085500000, 0x0000000085500000, 0x0000000085600000|  0%| F|  |TAMS 0x0000000085500000, 0x0000000085500000| Untracked 
|  36|0x0000000085600000, 0x0000000085600000, 0x0000000085700000|  0%| F|  |TAMS 0x0000000085600000, 0x0000000085600000| Untracked 
|  37|0x0000000085700000, 0x0000000085700000, 0x0000000085800000|  0%| F|  |TAMS 0x0000000085700000, 0x0000000085700000| Untracked 
|  38|0x0000000085800000, 0x0000000085800000, 0x0000000085900000|  0%| F|  |TAMS 0x0000000085800000, 0x0000000085800000| Untracked 
|  39|0x0000000085900000, 0x0000000085900000, 0x0000000085a00000|  0%| F|  |TAMS 0x0000000085900000, 0x0000000085900000| Untracked 
|  40|0x0000000085a00000, 0x0000000085a00000, 0x0000000085b00000|  0%| F|  |TAMS 0x0000000085a00000, 0x0000000085a00000| Untracked 
|  41|0x0000000085b00000, 0x0000000085b00000, 0x0000000085c00000|  0%| F|  |TAMS 0x0000000085b00000, 0x0000000085b00000| Untracked 
|  42|0x0000000085c00000, 0x0000000085c00000, 0x0000000085d00000|  0%| F|  |TAMS 0x0000000085c00000, 0x0000000085c00000| Untracked 
|  43|0x0000000085d00000, 0x0000000085d00000, 0x0000000085e00000|  0%| F|  |TAMS 0x0000000085d00000, 0x0000000085d00000| Untracked 
|  44|0x0000000085e00000, 0x0000000085e00000, 0x0000000085f00000|  0%| F|  |TAMS 0x0000000085e00000, 0x0000000085e00000| Untracked 
|  45|0x0000000085f00000, 0x0000000085f00000, 0x0000000086000000|  0%| F|  |TAMS 0x0000000085f00000, 0x0000000085f00000| Untracked 
|  46|0x0000000086000000, 0x0000000086000000, 0x0000000086100000|  0%| F|  |TAMS 0x0000000086000000, 0x0000000086000000| Untracked 
|  47|0x0000000086100000, 0x0000000086100000, 0x0000000086200000|  0%| F|  |TAMS 0x0000000086100000, 0x0000000086100000| Untracked 
|  48|0x0000000086200000, 0x0000000086200000, 0x0000000086300000|  0%| F|  |TAMS 0x0000000086200000, 0x0000000086200000| Untracked 
|  49|0x0000000086300000, 0x0000000086300000, 0x0000000086400000|  0%| F|  |TAMS 0x0000000086300000, 0x0000000086300000| Untracked 
|  50|0x0000000086400000, 0x0000000086400000, 0x0000000086500000|  0%| F|  |TAMS 0x0000000086400000, 0x0000000086400000| Untracked 
|  51|0x0000000086500000, 0x0000000086500000, 0x0000000086600000|  0%| F|  |TAMS 0x0000000086500000, 0x0000000086500000| Untracked 
|  52|0x0000000086600000, 0x0000000086600000, 0x0000000086700000|  0%| F|  |TAMS 0x0000000086600000, 0x0000000086600000| Untracked 
|  53|0x0000000086700000, 0x0000000086700000, 0x0000000086800000|  0%| F|  |TAMS 0x0000000086700000, 0x0000000086700000| Untracked 
|  54|0x0000000086800000, 0x0000000086800000, 0x0000000086900000|  0%| F|  |TAMS 0x0000000086800000, 0x0000000086800000| Untracked 
|  55|0x0000000086900000, 0x0000000086900000, 0x0000000086a00000|  0%| F|  |TAMS 0x0000000086900000, 0x0000000086900000| Untracked 
|  56|0x0000000086a00000, 0x0000000086a00000, 0x0000000086b00000|  0%| F|  |TAMS 0x0000000086a00000, 0x0000000086a00000| Untracked 
|  57|0x0000000086b00000, 0x0000000086b00000, 0x0000000086c00000|  0%| F|  |TAMS 0x0000000086b00000, 0x0000000086b00000| Untracked 
|  58|0x0000000086c00000, 0x0000000086c00000, 0x0000000086d00000|  0%| F|  |TAMS 0x0000000086c00000, 0x0000000086c00000| Untracked 
|  59|0x0000000086d00000, 0x0000000086d00000, 0x0000000086e00000|  0%| F|  |TAMS 0x0000000086d00000, 0x0000000086d00000| Untracked 
|  60|0x0000000086e00000, 0x0000000086e00000, 0x0000000086f00000|  0%| F|  |TAMS 0x0000000086e00000, 0x0000000086e00000| Untracked 
|  61|0x0000000086f00000, 0x0000000086f00000, 0x0000000087000000|  0%| F|  |TAMS 0x0000000086f00000, 0x0000000086f00000| Untracked 
|  62|0x0000000087000000, 0x0000000087000000, 0x0000000087100000|  0%| F|  |TAMS 0x0000000087000000, 0x0000000087000000| Untracked 
|  63|0x0000000087100000, 0x0000000087100000, 0x0000000087200000|  0%| F|  |TAMS 0x0000000087100000, 0x0000000087100000| Untracked 
|  64|0x0000000087200000, 0x0000000087200000, 0x0000000087300000|  0%| F|  |TAMS 0x0000000087200000, 0x0000000087200000| Untracked 
|  65|0x0000000087300000, 0x0000000087300000, 0x0000000087400000|  0%| F|  |TAMS 0x0000000087300000, 0x0000000087300000| Untracked 
|  66|0x0000000087400000, 0x0000000087400000, 0x0000000087500000|  0%| F|  |TAMS 0x0000000087400000, 0x0000000087400000| Untracked 
|  67|0x0000000087500000, 0x0000000087500000, 0x0000000087600000|  0%| F|  |TAMS 0x0000000087500000, 0x0000000087500000| Untracked 
|  68|0x0000000087600000, 0x0000000087600000, 0x0000000087700000|  0%| F|  |TAMS 0x0000000087600000, 0x0000000087600000| Untracked 
|  69|0x0000000087700000, 0x0000000087700000, 0x0000000087800000|  0%| F|  |TAMS 0x0000000087700000, 0x0000000087700000| Untracked 
|  70|0x0000000087800000, 0x0000000087800000, 0x0000000087900000|  0%| F|  |TAMS 0x0000000087800000, 0x0000000087800000| Untracked 
|  71|0x0000000087900000, 0x0000000087900000, 0x0000000087a00000|  0%| F|  |TAMS 0x0000000087900000, 0x0000000087900000| Untracked 
|  72|0x0000000087a00000, 0x0000000087a00000, 0x0000000087b00000|  0%| F|  |TAMS 0x0000000087a00000, 0x0000000087a00000| Untracked 
|  73|0x0000000087b00000, 0x0000000087b00000, 0x0000000087c00000|  0%| F|  |TAMS 0x0000000087b00000, 0x0000000087b00000| Untracked 
|  74|0x0000000087c00000, 0x0000000087c00000, 0x0000000087d00000|  0%| F|  |TAMS 0x0000000087c00000, 0x0000000087c00000| Untracked 
|  75|0x0000000087d00000, 0x0000000087d00000, 0x0000000087e00000|  0%| F|  |TAMS 0x0000000087d00000, 0x0000000087d00000| Untracked 
|  76|0x0000000087e00000, 0x0000000087e00000, 0x0000000087f00000|  0%| F|  |TAMS 0x0000000087e00000, 0x0000000087e00000| Untracked 
|  77|0x0000000087f00000, 0x0000000087f00000, 0x0000000088000000|  0%| F|  |TAMS 0x0000000087f00000, 0x0000000087f00000| Untracked 
|  78|0x0000000088000000, 0x0000000088000000, 0x0000000088100000|  0%| F|  |TAMS 0x0000000088000000, 0x0000000088000000| Untracked 
|  79|0x0000000088100000, 0x0000000088100000, 0x0000000088200000|  0%| F|  |TAMS 0x0000000088100000, 0x0000000088100000| Untracked 
|  80|0x0000000088200000, 0x0000000088200000, 0x0000000088300000|  0%| F|  |TAMS 0x0000000088200000, 0x0000000088200000| Untracked 
|  81|0x0000000088300000, 0x0000000088300000, 0x0000000088400000|  0%| F|  |TAMS 0x0000000088300000, 0x0000000088300000| Untracked 
|  82|0x0000000088400000, 0x0000000088400000, 0x0000000088500000|  0%| F|  |TAMS 0x0000000088400000, 0x0000000088400000| Untracked 
|  83|0x0000000088500000, 0x0000000088500000, 0x0000000088600000|  0%| F|  |TAMS 0x0000000088500000, 0x0000000088500000| Untracked 
|  84|0x0000000088600000, 0x0000000088600000, 0x0000000088700000|  0%| F|  |TAMS 0x0000000088600000, 0x0000000088600000| Untracked 
|  85|0x0000000088700000, 0x0000000088700000, 0x0000000088800000|  0%| F|  |TAMS 0x0000000088700000, 0x0000000088700000| Untracked 
|  86|0x0000000088800000, 0x0000000088800000, 0x0000000088900000|  0%| F|  |TAMS 0x0000000088800000, 0x0000000088800000| Untracked 
|  87|0x0000000088900000, 0x0000000088900000, 0x0000000088a00000|  0%| F|  |TAMS 0x0000000088900000, 0x0000000088900000| Untracked 
|  88|0x0000000088a00000, 0x0000000088a00000, 0x0000000088b00000|  0%| F|  |TAMS 0x0000000088a00000, 0x0000000088a00000| Untracked 
|  89|0x0000000088b00000, 0x0000000088b00000, 0x0000000088c00000|  0%| F|  |TAMS 0x0000000088b00000, 0x0000000088b00000| Untracked 
|  90|0x0000000088c00000, 0x0000000088c00000, 0x0000000088d00000|  0%| F|  |TAMS 0x0000000088c00000, 0x0000000088c00000| Untracked 
|  91|0x0000000088d00000, 0x0000000088d00000, 0x0000000088e00000|  0%| F|  |TAMS 0x0000000088d00000, 0x0000000088d00000| Untracked 
|  92|0x0000000088e00000, 0x0000000088e00000, 0x0000000088f00000|  0%| F|  |TAMS 0x0000000088e00000, 0x0000000088e00000| Untracked 
|  93|0x0000000088f00000, 0x0000000088f00000, 0x0000000089000000|  0%| F|  |TAMS 0x0000000088f00000, 0x0000000088f00000| Untracked 
|  94|0x0000000089000000, 0x0000000089000000, 0x0000000089100000|  0%| F|  |TAMS 0x0000000089000000, 0x0000000089000000| Untracked 
|  95|0x0000000089100000, 0x0000000089100000, 0x0000000089200000|  0%| F|  |TAMS 0x0000000089100000, 0x0000000089100000| Untracked 
|  96|0x0000000089200000, 0x0000000089200000, 0x0000000089300000|  0%| F|  |TAMS 0x0000000089200000, 0x0000000089200000| Untracked 
|  97|0x0000000089300000, 0x0000000089300000, 0x0000000089400000|  0%| F|  |TAMS 0x0000000089300000, 0x0000000089300000| Untracked 
|  98|0x0000000089400000, 0x0000000089400000, 0x0000000089500000|  0%| F|  |TAMS 0x0000000089400000, 0x0000000089400000| Untracked 
|  99|0x0000000089500000, 0x0000000089500000, 0x0000000089600000|  0%| F|  |TAMS 0x0000000089500000, 0x0000000089500000| Untracked 
| 100|0x0000000089600000, 0x0000000089600000, 0x0000000089700000|  0%| F|  |TAMS 0x0000000089600000, 0x0000000089600000| Untracked 
| 101|0x0000000089700000, 0x0000000089700000, 0x0000000089800000|  0%| F|  |TAMS 0x0000000089700000, 0x0000000089700000| Untracked 
| 102|0x0000000089800000, 0x0000000089800000, 0x0000000089900000|  0%| F|  |TAMS 0x0000000089800000, 0x0000000089800000| Untracked 
| 103|0x0000000089900000, 0x0000000089900000, 0x0000000089a00000|  0%| F|  |TAMS 0x0000000089900000, 0x0000000089900000| Untracked 
| 104|0x0000000089a00000, 0x0000000089a00000, 0x0000000089b00000|  0%| F|  |TAMS 0x0000000089a00000, 0x0000000089a00000| Untracked 
| 105|0x0000000089b00000, 0x0000000089b00000, 0x0000000089c00000|  0%| F|  |TAMS 0x0000000089b00000, 0x0000000089b00000| Untracked 
| 106|0x0000000089c00000, 0x0000000089c00000, 0x0000000089d00000|  0%| F|  |TAMS 0x0000000089c00000, 0x0000000089c00000| Untracked 
| 107|0x0000000089d00000, 0x0000000089d00000, 0x0000000089e00000|  0%| F|  |TAMS 0x0000000089d00000, 0x0000000089d00000| Untracked 
| 108|0x0000000089e00000, 0x0000000089e00000, 0x0000000089f00000|  0%| F|  |TAMS 0x0000000089e00000, 0x0000000089e00000| Untracked 
| 109|0x0000000089f00000, 0x0000000089f00000, 0x000000008a000000|  0%| F|  |TAMS 0x0000000089f00000, 0x0000000089f00000| Untracked 
| 110|0x000000008a000000, 0x000000008a000000, 0x000000008a100000|  0%| F|  |TAMS 0x000000008a000000, 0x000000008a000000| Untracked 
| 111|0x000000008a100000, 0x000000008a100000, 0x000000008a200000|  0%| F|  |TAMS 0x000000008a100000, 0x000000008a100000| Untracked 
| 112|0x000000008a200000, 0x000000008a200000, 0x000000008a300000|  0%| F|  |TAMS 0x000000008a200000, 0x000000008a200000| Untracked 
| 113|0x000000008a300000, 0x000000008a300000, 0x000000008a400000|  0%| F|  |TAMS 0x000000008a300000, 0x000000008a300000| Untracked 
| 114|0x000000008a400000, 0x000000008a400000, 0x000000008a500000|  0%| F|  |TAMS 0x000000008a400000, 0x000000008a400000| Untracked 
| 115|0x000000008a500000, 0x000000008a500000, 0x000000008a600000|  0%| F|  |TAMS 0x000000008a500000, 0x000000008a500000| Untracked 
| 116|0x000000008a600000, 0x000000008a600000, 0x000000008a700000|  0%| F|  |TAMS 0x000000008a600000, 0x000000008a600000| Untracked 
| 117|0x000000008a700000, 0x000000008a700000, 0x000000008a800000|  0%| F|  |TAMS 0x000000008a700000, 0x000000008a700000| Untracked 
| 118|0x000000008a800000, 0x000000008a800000, 0x000000008a900000|  0%| F|  |TAMS 0x000000008a800000, 0x000000008a800000| Untracked 
| 119|0x000000008a900000, 0x000000008a900000, 0x000000008aa00000|  0%| F|  |TAMS 0x000000008a900000, 0x000000008a900000| Untracked 
| 120|0x000000008aa00000, 0x000000008aa00000, 0x000000008ab00000|  0%| F|  |TAMS 0x000000008aa00000, 0x000000008aa00000| Untracked 
| 121|0x000000008ab00000, 0x000000008abfe138, 0x000000008ac00000| 99%| E|  |TAMS 0x000000008ab00000, 0x000000008ab00000| Complete 
| 122|0x000000008ac00000, 0x000000008ad00000, 0x000000008ad00000|100%| E|CS|TAMS 0x000000008ac00000, 0x000000008ac00000| Complete 
| 123|0x000000008ad00000, 0x000000008ae00000, 0x000000008ae00000|100%| E|CS|TAMS 0x000000008ad00000, 0x000000008ad00000| Complete 
| 124|0x000000008ae00000, 0x000000008af00000, 0x000000008af00000|100%| E|CS|TAMS 0x000000008ae00000, 0x000000008ae00000| Complete 
| 125|0x000000008af00000, 0x000000008b000000, 0x000000008b000000|100%| E|CS|TAMS 0x000000008af00000, 0x000000008af00000| Complete 

Card table byte_map: [0x00000147fde10000,0x00000147fe200000] _byte_map_base: 0x00000147fd9f7000

Marking Bits (Prev, Next): (CMBitMap*) 0x00000147eb1a9190, (CMBitMap*) 0x00000147eb1a91d0
 Prev Bits: [0x0000014780000000, 0x0000014781f38000)
 Next Bits: [0x0000014781f40000, 0x0000014783e78000)

Polling page: 0x00000147ea950000

Metaspace:

Usage:
  Non-class:      8.21 MB used.
      Class:    786.93 KB used.
       Both:      8.97 MB used.

Virtual space:
  Non-class space:       16.00 MB reserved,       8.25 MB ( 52%) committed,  2 nodes.
      Class space:        1.00 GB reserved,     832.00 KB ( <1%) committed,  1 nodes.
              Both:        1.02 GB reserved,       9.06 MB ( <1%) committed. 

Chunk freelists:
   Non-Class:  3.77 MB
       Class:  3.22 MB
        Both:  6.99 MB

MaxMetaspaceSize: 17179869184.00 GB
CompressedClassSpaceSize: 1.00 GB
 - commit_granule_bytes: 65536.
 - commit_granule_words: 8192.
 - virtual_space_node_default_size: 1048576.
 - enlarge_chunks_in_place: 1.
 - new_chunks_are_fully_committed: 0.
 - uncommit_free_chunks: 1.
 - use_allocation_guard: 0.
 - handle_deallocations: 1.


Internal statistics:

num_allocs_failed_limit: 0.
num_arena_births: 10.
num_arena_deaths: 0.
num_vsnodes_births: 3.
num_vsnodes_deaths: 0.
num_space_committed: 145.
num_space_uncommitted: 0.
num_chunks_returned_to_freelist: 0.
num_chunks_taken_from_freelist: 48.
num_chunk_merges: 0.
num_chunk_splits: 19.
num_chunks_enlarged: 11.
num_purges: 0.

CodeHeap 'non-profiled nmethods': size=120000Kb used=115Kb max_used=115Kb free=119884Kb
 bounds [0x00000147f61c0000, 0x00000147f6430000, 0x00000147fd6f0000]
CodeHeap 'profiled nmethods': size=120000Kb used=488Kb max_used=488Kb free=119511Kb
 bounds [0x00000147eec90000, 0x00000147eef00000, 0x00000147f61c0000]
CodeHeap 'non-nmethods': size=5760Kb used=1208Kb max_used=1227Kb free=4552Kb
 bounds [0x00000147ee6f0000, 0x00000147ee960000, 0x00000147eec90000]
 total_blobs=779 nmethods=376 adapters=316
 compilation: enabled
              stopped_count=0, restarted_count=0
 full_count=0

Compilation events (20 events):
Event: 0.462 Thread 0x00000147ffc1ec00 nmethod 369 0x00000147eed06c10 code [0x00000147eed06de0, 0x00000147eed07138]
Event: 0.462 Thread 0x00000147ffc1ec00  370       3       sun.security.x509.X509CertImpl::getEncodedInternal (22 bytes)
Event: 0.462 Thread 0x00000147ffc1ec00 nmethod 370 0x00000147eed07210 code [0x00000147eed073c0, 0x00000147eed075a8]
Event: 0.464 Thread 0x00000147ffc1ec00  371       3       sun.security.x509.X509CertImpl::getEncodedInternal (20 bytes)
Event: 0.464 Thread 0x00000147ffc1ec00 nmethod 371 0x00000147eed07690 code [0x00000147eed07880, 0x00000147eed07db8]
Event: 0.464 Thread 0x00000147ffc1ec00  372   !   3       java.security.cert.Certificate::equals (38 bytes)
Event: 0.464 Thread 0x00000147ffc1ec00 nmethod 372 0x00000147eed07f10 code [0x00000147eed081a0, 0x00000147eed08f08]
Event: 0.465 Thread 0x00000147ffc1ec00  374       3       java.lang.StringConcatHelper::stringOf (20 bytes)
Event: 0.465 Thread 0x00000147ffc1ec00 nmethod 374 0x00000147eed09390 code [0x00000147eed09540, 0x00000147eed09788]
Event: 0.465 Thread 0x00000147ffc1ec00  375       3       java.lang.StringConcatHelper::mix (27 bytes)
Event: 0.465 Thread 0x000001478626e060  376       4       java.lang.String::charAt (25 bytes)
Event: 0.466 Thread 0x00000147ffc1ec00 nmethod 375 0x00000147eed09890 code [0x00000147eed09a80, 0x00000147eed09ea8]
Event: 0.466 Thread 0x00000147ffc1c4f0 nmethod 341% 0x00000147f61da010 code [0x00000147f61da1e0, 0x00000147f61dbbb8]
Event: 0.466 Thread 0x00000147ffc1c4f0  373       4       java.lang.Math::min (11 bytes)
Event: 0.466 Thread 0x00000147ffc1c4f0 nmethod 373 0x00000147f61dbf90 code [0x00000147f61dc100, 0x00000147f61dc158]
Event: 0.466 Thread 0x00000147ffc1c4f0  345       4       java.lang.String::equals (50 bytes)
Event: 0.467 Thread 0x000001478626e060 nmethod 376 0x00000147f61dc290 code [0x00000147f61dc420, 0x00000147f61dc588]
Event: 0.467 Thread 0x000001478626e060  342       4       java.nio.Buffer::nextGetIndex (30 bytes)
Event: 0.467 Thread 0x00000147ffc1c4f0 nmethod 345 0x00000147f61dc710 code [0x00000147f61dc8a0, 0x00000147f61dca78]
Event: 0.467 Thread 0x000001478626e060 nmethod 342 0x00000147f61dcb10 code [0x00000147f61dcca0, 0x00000147f61dcd58]

GC Heap History (0 events):
No events

Deoptimization events (12 events):
Event: 0.340 Thread 0x00000147eb16c210 Uncommon trap: trap_request=0xffffffde fr.pc=0x00000147f61cc1e0 relative=0x0000000000000960
Event: 0.340 Thread 0x00000147eb16c210 Uncommon trap: reason=class_check action=maybe_recompile pc=0x00000147f61cc1e0 method=java.util.HashMap.putVal(ILjava/lang/Object;Ljava/lang/Object;ZZ)Ljava/lang/Object; @ 152 c2
Event: 0.340 Thread 0x00000147eb16c210 DEOPT PACKING pc=0x00000147f61cc1e0 sp=0x00000016eb3fe5f0
Event: 0.340 Thread 0x00000147eb16c210 DEOPT UNPACKING pc=0x00000147ee73f92e sp=0x00000016eb3fe590 mode 2
Event: 0.356 Thread 0x00000147eb16c210 Uncommon trap: trap_request=0xffffff45 fr.pc=0x00000147f61cc2b0 relative=0x0000000000000a30
Event: 0.356 Thread 0x00000147eb16c210 Uncommon trap: reason=unstable_if action=reinterpret pc=0x00000147f61cc2b0 method=java.util.HashMap.putVal(ILjava/lang/Object;Ljava/lang/Object;ZZ)Ljava/lang/Object; @ 181 c2
Event: 0.356 Thread 0x00000147eb16c210 DEOPT PACKING pc=0x00000147f61cc2b0 sp=0x00000016eb3fe410
Event: 0.356 Thread 0x00000147eb16c210 DEOPT UNPACKING pc=0x00000147ee73f92e sp=0x00000016eb3fe3d0 mode 2
Event: 0.438 Thread 0x00000147eb16c210 Uncommon trap: trap_request=0xffffff45 fr.pc=0x00000147f61cd274 relative=0x00000000000000d4
Event: 0.438 Thread 0x00000147eb16c210 Uncommon trap: reason=unstable_if action=reinterpret pc=0x00000147f61cd274 method=java.lang.String.isLatin1()Z @ 10 c2
Event: 0.438 Thread 0x00000147eb16c210 DEOPT PACKING pc=0x00000147f61cd274 sp=0x00000016eb3ff0f0
Event: 0.438 Thread 0x00000147eb16c210 DEOPT UNPACKING pc=0x00000147ee73f92e sp=0x00000016eb3ff040 mode 2

Classes unloaded (0 events):
No events

Classes redefined (4 events):
Event: 143.329 Thread 0x00000147ff0a5dd0 redefined class name=constructor.A, count=1
Event: 179.628 Thread 0x00000147ff0a5dd0 redefined class name=constructor.A, count=2
Event: 185.359 Thread 0x00000147ff0a5dd0 redefined class name=constructor.A, count=3
Event: 204.196 Thread 0x00000147ff0a5dd0 redefined class name=constructor.A, count=4

Internal exceptions (1 events):
Event: 0.433 Thread 0x00000147eb16c210 Exception <a 'java/lang/NoSuchMethodError'{0x000000008ace8cc0}: 'java.lang.Object java.lang.invoke.DirectMethodHandle$Holder.invokeStatic(java.lang.Object)'> (0x000000008ace8cc0) 
thrown [t:\workspace\open\src\hotspot\share\interpreter\linkResolver.cpp, line 790]

Events (20 events):
Event: 204.205 Executing  VM operation: ChangeBreakpoints
Event: 204.205 Executing  VM operation: ChangeBreakpoints done
Event: 204.208 Executing  VM operation: ChangeBreakpoints
Event: 204.208 Executing  VM operation: ChangeBreakpoints done
Event: 204.212 Executing  VM operation: ChangeBreakpoints
Event: 204.212 Executing  VM operation: ChangeBreakpoints done
Event: 204.222 Executing  VM operation: ChangeBreakpoints
Event: 204.223 Executing  VM operation: ChangeBreakpoints done
Event: 204.226 Executing  VM operation: ChangeBreakpoints
Event: 204.226 Executing  VM operation: ChangeBreakpoints done
Event: 219.677 Executing  VM operation: get/set locals
Event: 219.677 Executing  VM operation: get/set locals done
Event: 219.678 Executing  VM operation: get/set locals
Event: 219.678 Executing  VM operation: get/set locals done
Event: 219.678 Executing  VM operation: get/set locals
Event: 219.678 Executing  VM operation: get/set locals done
Event: 219.678 Executing  VM operation: get/set locals
Event: 219.678 Executing  VM operation: get/set locals done
Event: 257.003 Executing  VM operation: ChangeSingleStep
Event: 257.003 Executing  VM operation: ChangeSingleStep done


Dynamic libraries:
0x00007ff7463c0000 - 0x00007ff7463ce000 	C:\Users\ip-slim-3\.p2\pool\plugins\org.eclipse.justj.openjdk.hotspot.jre.full.win32.x86_64_16.0.2.v20210721-1149\jre\bin\javaw.exe
0x00007ffba8110000 - 0x00007ffba8305000 	C:\Windows\SYSTEM32\ntdll.dll
0x00007ffba7580000 - 0x00007ffba763e000 	C:\Windows\System32\KERNEL32.DLL
0x00007ffba5830000 - 0x00007ffba5af9000 	C:\Windows\System32\KERNELBASE.dll
0x00007ffba5ce0000 - 0x00007ffba5de0000 	C:\Windows\System32\ucrtbase.dll
0x00007ffba1150000 - 0x00007ffba1168000 	C:\Users\ip-slim-3\.p2\pool\plugins\org.eclipse.justj.openjdk.hotspot.jre.full.win32.x86_64_16.0.2.v20210721-1149\jre\bin\jli.dll
0x00007ffb9eed0000 - 0x00007ffb9eee9000 	C:\Users\ip-slim-3\.p2\pool\plugins\org.eclipse.justj.openjdk.hotspot.jre.full.win32.x86_64_16.0.2.v20210721-1149\jre\bin\VCRUNTIME140.dll
0x00007ffba6290000 - 0x00007ffba6431000 	C:\Windows\System32\USER32.dll
0x00007ffba5b00000 - 0x00007ffba5b22000 	C:\Windows\System32\win32u.dll
0x00007ffba6c80000 - 0x00007ffba6cab000 	C:\Windows\System32\GDI32.dll
0x00007ffba5fc0000 - 0x00007ffba60cb000 	C:\Windows\System32\gdi32full.dll
0x00007ffba5b30000 - 0x00007ffba5bcd000 	C:\Windows\System32\msvcp_win.dll
0x00007ffb91240000 - 0x00007ffb914da000 	C:\Windows\WinSxS\amd64_microsoft.windows.common-controls_6595b64144ccf1df_6.0.19041.1110_none_60b5254171f9507e\COMCTL32.dll
0x00007ffba6440000 - 0x00007ffba64de000 	C:\Windows\System32\msvcrt.dll
0x00007ffba6c50000 - 0x00007ffba6c80000 	C:\Windows\System32\IMM32.DLL
0x00007ffba1370000 - 0x00007ffba137c000 	C:\Users\ip-slim-3\.p2\pool\plugins\org.eclipse.justj.openjdk.hotspot.jre.full.win32.x86_64_16.0.2.v20210721-1149\jre\bin\vcruntime140_1.dll
0x00007ffb98810000 - 0x00007ffb988a1000 	C:\Users\ip-slim-3\.p2\pool\plugins\org.eclipse.justj.openjdk.hotspot.jre.full.win32.x86_64_16.0.2.v20210721-1149\jre\bin\msvcp140.dll
0x00007ffb4fa80000 - 0x00007ffb5062b000 	C:\Users\ip-slim-3\.p2\pool\plugins\org.eclipse.justj.openjdk.hotspot.jre.full.win32.x86_64_16.0.2.v20210721-1149\jre\bin\server\jvm.dll
0x00007ffba61e0000 - 0x00007ffba628c000 	C:\Windows\System32\ADVAPI32.dll
0x00007ffba7c90000 - 0x00007ffba7d2b000 	C:\Windows\System32\sechost.dll
0x00007ffba7df0000 - 0x00007ffba7f1a000 	C:\Windows\System32\RPCRT4.dll
0x00007ffba7ac0000 - 0x00007ffba7ac8000 	C:\Windows\System32\PSAPI.DLL
0x00007ffb998c0000 - 0x00007ffb998ca000 	C:\Windows\SYSTEM32\VERSION.dll
0x00007ffb8c4a0000 - 0x00007ffb8c4a9000 	C:\Windows\SYSTEM32\WSOCK32.dll
0x00007ffba6dc0000 - 0x00007ffba6e2b000 	C:\Windows\System32\WS2_32.dll
0x00007ffb8fcf0000 - 0x00007ffb8fd17000 	C:\Windows\SYSTEM32\WINMM.dll
0x00007ffba40b0000 - 0x00007ffba40c2000 	C:\Windows\SYSTEM32\kernel.appcore.dll
0x00007ffb905c0000 - 0x00007ffb905ca000 	C:\Users\ip-slim-3\.p2\pool\plugins\org.eclipse.justj.openjdk.hotspot.jre.full.win32.x86_64_16.0.2.v20210721-1149\jre\bin\jimage.dll
0x00007ffba3420000 - 0x00007ffba3604000 	C:\Windows\SYSTEM32\DBGHELP.DLL
0x00007ffb8d410000 - 0x00007ffb8d43c000 	C:\Windows\SYSTEM32\dbgcore.DLL
0x00007ffba60d0000 - 0x00007ffba6153000 	C:\Windows\System32\bcryptPrimitives.dll
0x00007ffb9e890000 - 0x00007ffb9e8cb000 	C:\Users\ip-slim-3\.p2\pool\plugins\org.eclipse.justj.openjdk.hotspot.jre.full.win32.x86_64_16.0.2.v20210721-1149\jre\bin\jdwp.dll
0x00007ffba12c0000 - 0x00007ffba12ce000 	C:\Users\ip-slim-3\.p2\pool\plugins\org.eclipse.justj.openjdk.hotspot.jre.full.win32.x86_64_16.0.2.v20210721-1149\jre\bin\instrument.dll
0x00007ffb83330000 - 0x00007ffb83355000 	C:\Users\ip-slim-3\.p2\pool\plugins\org.eclipse.justj.openjdk.hotspot.jre.full.win32.x86_64_16.0.2.v20210721-1149\jre\bin\java.dll
0x00007ffb83970000 - 0x00007ffb83988000 	C:\Users\ip-slim-3\.p2\pool\plugins\org.eclipse.justj.openjdk.hotspot.jre.full.win32.x86_64_16.0.2.v20210721-1149\jre\bin\zip.dll
0x00007ffba6e30000 - 0x00007ffba756f000 	C:\Windows\System32\SHELL32.dll
0x00007ffba3910000 - 0x00007ffba40a0000 	C:\Windows\SYSTEM32\windows.storage.dll
0x00007ffba68f0000 - 0x00007ffba6c45000 	C:\Windows\System32\combase.dll
0x00007ffba5280000 - 0x00007ffba52ac000 	C:\Windows\SYSTEM32\Wldp.dll
0x00007ffba6690000 - 0x00007ffba673d000 	C:\Windows\System32\SHCORE.dll
0x00007ffba7d30000 - 0x00007ffba7d85000 	C:\Windows\System32\shlwapi.dll
0x00007ffba5770000 - 0x00007ffba578f000 	C:\Windows\SYSTEM32\profapi.dll
0x00007ffba1140000 - 0x00007ffba114c000 	C:\Users\ip-slim-3\.p2\pool\plugins\org.eclipse.justj.openjdk.hotspot.jre.full.win32.x86_64_16.0.2.v20210721-1149\jre\bin\dt_socket.dll
0x00007ffba4c80000 - 0x00007ffba4cbb000 	C:\Windows\SYSTEM32\IPHLPAPI.DLL
0x00007ffba4fe0000 - 0x00007ffba504a000 	C:\Windows\system32\mswsock.dll
0x00007ffba4cd0000 - 0x00007ffba4d9c000 	C:\Windows\SYSTEM32\DNSAPI.dll
0x00007ffba7b60000 - 0x00007ffba7b68000 	C:\Windows\System32\NSI.dll
0x00007ffb9ec90000 - 0x00007ffb9ec9a000 	C:\Windows\System32\rasadhlp.dll
0x00007ffb99d40000 - 0x00007ffb99dbf000 	C:\Windows\System32\fwpuclnt.dll
0x00007ffba5de0000 - 0x00007ffba5e07000 	C:\Windows\System32\bcrypt.dll
0x00007ffb81070000 - 0x00007ffb81089000 	C:\Users\ip-slim-3\.p2\pool\plugins\org.eclipse.justj.openjdk.hotspot.jre.full.win32.x86_64_16.0.2.v20210721-1149\jre\bin\net.dll
0x00007ffb9feb0000 - 0x00007ffb9ffb8000 	C:\Windows\SYSTEM32\WINHTTP.dll
0x00007ffb7eac0000 - 0x00007ffb7ead3000 	C:\Users\ip-slim-3\.p2\pool\plugins\org.eclipse.justj.openjdk.hotspot.jre.full.win32.x86_64_16.0.2.v20210721-1149\jre\bin\nio.dll
0x00007ffb9d100000 - 0x00007ffb9d110000 	C:\Users\ip-slim-3\.p2\pool\plugins\org.eclipse.justj.openjdk.hotspot.jre.full.win32.x86_64_16.0.2.v20210721-1149\jre\bin\verify.dll

dbghelp: loaded successfully - version: 4.0.5 - missing functions: none
symbol engine: initialized successfully - sym options: 0x614 - pdb path: .;C:\Users\ip-slim-3\.p2\pool\plugins\org.eclipse.justj.openjdk.hotspot.jre.full.win32.x86_64_16.0.2.v20210721-1149\jre\bin;C:\Windows\SYSTEM32;C:\Windows\WinSxS\amd64_microsoft.windows.common-controls_6595b64144ccf1df_6.0.19041.1110_none_60b5254171f9507e;C:\Users\ip-slim-3\.p2\pool\plugins\org.eclipse.justj.openjdk.hotspot.jre.full.win32.x86_64_16.0.2.v20210721-1149\jre\bin\server

VM Arguments:
jvm_args: -XX:+ShowCodeDetailsInExceptionMessages -agentlib:jdwp=transport=dt_socket,suspend=y,address=localhost:57897 -javaagent:C:\Users\ip-slim-3\eclipse\java-2021-09\eclipse\configuration\org.eclipse.osgi\222\0\.cp\lib\javaagent-shaded.jar -Dfile.encoding=Cp1252 
java_command: constructor.A
java_class_path (initial): C:\Users\ip-slim-3\eclipse-workspace\Constructor\bin
Launcher Type: SUN_STANDARD

[Global flags]
     intx CICompilerCount                          = 4                                         {product} {ergonomic}
     uint ConcGCThreads                            = 2                                         {product} {ergonomic}
     uint G1ConcRefinementThreads                  = 8                                         {product} {ergonomic}
   size_t G1HeapRegionSize                         = 1048576                                   {product} {ergonomic}
    uintx GCDrainStackTargetSize                   = 64                                        {product} {ergonomic}
   size_t InitialHeapSize                          = 132120576                                 {product} {ergonomic}
   size_t MarkStackSize                            = 4194304                                   {product} {ergonomic}
   size_t MaxHeapSize                              = 2095054848                                {product} {ergonomic}
   size_t MaxNewSize                               = 1256194048                                {product} {ergonomic}
   size_t MinHeapDeltaBytes                        = 1048576                                   {product} {ergonomic}
   size_t MinHeapSize                              = 8388608                                   {product} {ergonomic}
    uintx NonNMethodCodeHeapSize                   = 5839372                                {pd product} {ergonomic}
    uintx NonProfiledCodeHeapSize                  = 122909434                              {pd product} {ergonomic}
    uintx ProfiledCodeHeapSize                     = 122909434                              {pd product} {ergonomic}
    uintx ReservedCodeCacheSize                    = 251658240                              {pd product} {ergonomic}
     bool SegmentedCodeCache                       = true                                      {product} {ergonomic}
     bool ShowCodeDetailsInExceptionMessages       = true                                   {manageable} {command line}
   size_t SoftMaxHeapSize                          = 2095054848                             {manageable} {ergonomic}
     bool UseCompressedClassPointers               = true                           {product lp64_product} {ergonomic}
     bool UseCompressedOops                        = true                           {product lp64_product} {ergonomic}
     bool UseG1GC                                  = true                                      {product} {ergonomic}
     bool UseLargePagesIndividualAllocation        = false                                  {pd product} {ergonomic}

Logging:
Log output configuration:
 #0: stdout all=warning uptime,level,tags
 #1: stderr all=off uptime,level,tags

Environment Variables:
PATH=C:\Users\ip-slim-3\.p2\pool\plugins\org.eclipse.justj.openjdk.hotspot.jre.full.win32.x86_64_16.0.2.v20210721-1149\jre\bin;C:/Users/ip-slim-3/.p2/pool/plugins/org.eclipse.justj.openjdk.hotspot.jre.full.win32.x86_64_16.0.2.v20210721-1149/jre/bin/server;C:/Users/ip-slim-3/.p2/pool/plugins/org.eclipse.justj.openjdk.hotspot.jre.full.win32.x86_64_16.0.2.v20210721-1149/jre/bin;C:\Program Files (x86)\Common Files\Oracle\Java\javapath;C:\Windows\system32;C:\Windows;C:\Windows\System32\Wbem;C:\Windows\System32\WindowsPowerShell\v1.0\;C:\Windows\System32\OpenSSH\;C:\Users\ip-slim-3\AppData\Local\Microsoft\WindowsApps;;C:\Users\ip-slim-3\Desktop;
USERNAME=ip-slim-3
OS=Windows_NT
PROCESSOR_IDENTIFIER=Intel64 Family 6 Model 140 Stepping 1, GenuineIntel



---------------  S Y S T E M  ---------------

OS:
 Windows 10 , 64 bit Build 19041 (10.0.19041.1202)
OS uptime: 12 days 10:11 hours

CPU: total 8 (initial active 8) (4 cores per cpu, 2 threads per core) family 6 model 140 stepping 1 microcode 0x66, cx8, cmov, fxsr, ht, mmx, 3dnowpref, sse, sse2, sse3, ssse3, sse4.1, sse4.2, popcnt, lzcnt, tsc, tscinvbit, avx, avx2, aes, erms, clmul, bmi1, bmi2, adx, avx512f, avx512dq, avx512cd, avx512bw, avx512vl, sha, fma, vzeroupper, avx512_vpopcntdq, avx512_vpclmulqdq, avx512_vaes, avx512_vnni, clflush, clflushopt, clwb, avx512_vmbi2, avx512_vmbi

Memory: 4k page, system-wide physical 7991M (2136M free)
TotalPageFile size 10393M (AvailPageFile size 1673M)
current process WorkingSet (physical memory assigned to process): 44M, peak: 46M
current process commit charge ("private bytes"): 208M, peak: 211M

vm_info: OpenJDK 64-Bit Server VM (16.0.2+7-67) for windows-amd64 JRE (16.0.2+7-67), built on Jun  8 2021 23:21:43 by "mach5one" with MS VC++ 16.7 (VS2019)

END.
